<?xml version="1.0" encoding="UTF-8"?>
<!-- Generated by org.testng.reporters.JUnitReportReporter -->
<testsuite hostname="Ruthu" failures="0" tests="2" name="qsp1.Priority" time="5.074" errors="0" timestamp="2023-12-12T16:46:54 IST" skipped="0">
  <testcase classname="qsp1.Priority" name="test2" time="2.706"/>
  <system-out>
    <![CDATA[India]]>
  </system-out>
  <testcase classname="qsp1.Priority" name="test1" time="2.368"/>
  <system-out>
    <![CDATA[Hello]]>
  </system-out>
</testsuite> <!-- qsp1.Priority -->
