<?xml version="1.0" encoding="UTF-8"?>
<!-- Generated by org.testng.reporters.JUnitReportReporter -->
<testsuite hostname="Ruthu" failures="0" tests="2" name="qsp1.Enabled" time="2.818" errors="0" timestamp="2023-12-12T16:45:57 IST" skipped="1">
  <testcase classname="qsp1.Enabled" name="test2" time="2.818"/>
  <system-out>
    <![CDATA[India]]>
  </system-out>
  <testcase classname="qsp1.Enabled" name="test1">
    <skipped/>
  </testcase> <!-- test1 -->
  <system-out/>
</testsuite> <!-- qsp1.Enabled -->
