<?xml version="1.0" encoding="UTF-8"?>
<!-- Generated by org.testng.reporters.JUnitReportReporter -->
<testsuite hostname="Ruthu" failures="0" tests="1" name="Regression.Demo2" time="2.901" errors="0" timestamp="2023-12-13T15:58:55 IST" skipped="0">
  <testcase classname="Regression.Demo2" name="test1" time="2.901"/>
  <system-out/>
</testsuite> <!-- Regression.Demo2 -->
