<?xml version="1.0" encoding="UTF-8"?>
<!-- Generated by org.testng.reporters.JUnitReportReporter -->
<testsuite hostname="Ruthu" failures="0" tests="2" name="Functional.Demo1" time="6.902" errors="0" timestamp="2023-12-13T15:58:55 IST" skipped="0">
  <testcase classname="Functional.Demo1" name="test2" time="3.782"/>
  <system-out/>
  <testcase classname="Functional.Demo1" name="test1" time="3.120"/>
  <system-out/>
</testsuite> <!-- Functional.Demo1 -->
