<?xml version="1.0" encoding="UTF-8"?>
<!-- Generated by org.testng.reporters.JUnitReportReporter -->
<testsuite hostname="Ruthu" failures="0" tests="4" name="qsp1.invocationCount" time="10.481" errors="0" timestamp="2023-12-12T16:47:16 IST" skipped="0">
  <testcase classname="qsp1.invocationCount" name="test2" time="2.820"/>
  <system-out>
    <![CDATA[India]]>
  </system-out>
  <testcase classname="qsp1.invocationCount" name="test1" time="2.348"/>
  <system-out>
    <![CDATA[Hello]]>
  </system-out>
  <testcase classname="qsp1.invocationCount" name="test1" time="2.681"/>
  <system-out>
    <![CDATA[Hello]]>
  </system-out>
  <testcase classname="qsp1.invocationCount" name="test1" time="2.632"/>
  <system-out>
    <![CDATA[Hello]]>
  </system-out>
</testsuite> <!-- qsp1.invocationCount -->
