<?xml version="1.0" encoding="UTF-8"?>
<!-- Generated by org.testng.reporters.JUnitReportReporter -->
<testsuite hostname="Ruthu" failures="0" tests="1" name="qsp1.Demo2" time="3.193" errors="0" timestamp="2023-12-12T15:36:00 IST" skipped="0">
  <testcase classname="qsp1.Demo2" name="test1" time="3.193"/>
  <system-out/>
</testsuite> <!-- qsp1.Demo2 -->
