<?xml version="1.0" encoding="UTF-8"?>
<!-- Generated by org.testng.reporters.JUnitReportReporter -->
<testsuite hostname="Ruthu" failures="0" tests="2" name="Regression.Demo1" time="20.050" errors="0" timestamp="2023-12-13T15:58:55 IST" skipped="0">
  <testcase classname="Regression.Demo1" name="test1" time="10.480"/>
  <system-out/>
  <testcase classname="Regression.Demo1" name="test2" time="9.570"/>
  <system-out/>
</testsuite> <!-- Regression.Demo1 -->
