<?xml version="1.0" encoding="UTF-8"?>
<!-- Generated by org.testng.reporters.JUnitReportReporter -->
<testsuite hostname="Ruthu" failures="0" tests="2" name="Testng.TestCase2" time="17.901" errors="0" timestamp="2023-12-13T17:16:20 IST" skipped="0">
  <testcase classname="Testng.TestCase2" name="login1" time="9.064"/>
  <system-out/>
  <testcase classname="Testng.TestCase2" name="login2" time="8.837"/>
  <system-out/>
</testsuite> <!-- Testng.TestCase2 -->
