<?xml version="1.0" encoding="UTF-8"?>
<!-- Generated by org.testng.reporters.JUnitReportReporter -->
<testsuite hostname="Ruthu" failures="0" tests="1" name="Testng.RunnerScript" time="8.337" errors="0" timestamp="2023-12-13T17:16:20 IST" skipped="0">
  <testcase classname="Testng.RunnerScript" name="validLogin" time="8.337"/>
  <system-out/>
</testsuite> <!-- Testng.RunnerScript -->
