<?xml version="1.0" encoding="UTF-8"?>
<!-- Generated by org.testng.reporters.JUnitReportReporter -->
<testsuite hostname="Ruthu" failures="0" tests="2" name="qsp1.Demo1" time="8.783" errors="0" timestamp="2023-12-12T15:36:00 IST" skipped="0">
  <testcase classname="qsp1.Demo1" name="test1" time="6.271"/>
  <system-out/>
  <testcase classname="qsp1.Demo1" name="test2" time="2.512"/>
  <system-out/>
</testsuite> <!-- qsp1.Demo1 -->
